0
9045120
73495416643390562
966010091
1079701073
3
20354072404399940
1304395804
25832463
2
94650771146825615
82006135011752443
97922506
27331061
405143931
33884457
179616429334020066
89933227891473211
23517024143675228
2829154988230830
55604436461034936
465416610
742568370
449500595
235119585
27037782
652472234322253476
12552064
35274806
1
732921493813708970
60070353128021037
125804129
122956981808237546
42900481041743107
296257451876501345
1
1
551275857
2
0
1
31026920748808896
169549051051827369
308008523
463891025
0
0
324839315594979411
5515934168301419
2
11840293556034993
280067766
381343255592754284
524941943
11497120537615859
39788721
45722548639954998
14899518758386310
626642125
13231251269412502
313188793
1
390183861
353148574
3
359054445
88429786177534
41845799
0
286917841
81262047
13642464786748954
296312917
1
0
0
1
57214820136441746
6
981700898
154049109
3
33048221
3
42036239266198017
1018205564
1
91812165330845538
9172306
0
2
3
60744114697983406
6697203
150869216
893810414
21656348363832700
1067921144
319219936612720
279864470
4053019
574881339
9336802555049515
141861556
78254677
247978578520540309
96408136
50688998721772502
32428821596789218
3
0
71979896705337019
124926445
3030102
6
15572692132665918
90089950838349077
53207771782314555
52521791881678381
561655594
101843537590839166
4
288512978
2
54568561436519873
143600025548502672
3
192551946
4
1
63306259254419729
2
288043285361957226
181513389998531460
604760875
15185774664423249
75518701419299248
288109909249497336
320685167
16
40658298932036220
394535786
576617945
1
0
176574631924835755
4
1
2035474919
2725383203880235
412841612322938281
1
309598833871389934
0
0
21566218721850656
9
92678609
343794183050921
3
618891744
2
8
0
117895506
3
0
22157814886905317
4
136767088761810284
93962918
498381374523982538
3
496483979
0
9946920912868534
556122574
0
9150637089117008
544458505977919484
2
334748705420405723
3
1
0
43946429474765017
706964208
23068997668423031
15100462672768228
2
160616209183355840
927571125
0
1
0
6950212438321143
392178575264950939
59386713760054039
94931922673213679
571133761485475635
82791515
2
348286401
1
1157019798
8
929874881
7
3
2169188402
314236743
586643068436684558
1423756575
430319544745603536
85855332
0
12464571
246919246138532580
0
357675376
0
74039278
541030437
148628182596689010
100262687004544121
12525010983085404
13
1183910378
87080256156036121
4
1
0
3
434535760665117415
157428068
407599483
4
480397045
1
84364831
233595489852936046
0
295291183459491930
3
72236585
0
0
12231218
40500262
1
70771958
125131244
714328478165752152
20810000539722392
62416565
825669883
160482
1
17288759
1
1304563498
27202633281575637
75569496540682200
165458917
125100643
635576987
0
609386246134496188
14332985825652654
150554601027911677
9
566210976
72201331
1
1110296735
473723473593887668
228025576678259175
14775291732326198
7547784741116244
1
68822514
2
466003594902000501
598152243
133607562078560793
0
0
409678518798326340
1
19713307
1
30314793943103035
553567412334366
0
392936529037986243
515201376764063968
6
5
472282858
2
3
30
246557141
77117334527217241
4
128788014208659437
116369540
2
469205128190344318
882242991
1
200613783253144563
2
52447522110567010
145342216
8869526020511768
3
498138174012400240
1
1
118295970
2
112525661617231329
126485367
246451726
139754090091710906
0
53364663
54068405
216890887307418617
3
82414440
19592579176536401
537996597
247398968
1
446083394986397129
3
243906067208935837
2
3
95401436754920010
273856614
0
129282158033999959
80039116953046747
62806389060500005
57384169134091944
2
335807393
674550204
2
88513207
1
2032793590458851
59523648
0
2
207185034
83933032
0
60332343308771975
128242622
72275098
362283856291413427
1
10185059328038963
515278061
13
41855053661752003
12
6
605902583
81571674
71041165662119920
20595827798910138
112759850
4
351770513
269046258
40144201527994708
303419061352759196
4
399985091
29587746173062876
44483407636859230
1
1
3
436089676952014529
192487757
262947505
2
10
296987882
599265040724359716
60455214
43511209
113488881832912323
425159839
255495575980801619
6
6
572660078142707577
4
525519877
65215376178648980
0
15161072
36381283355515449
4533164
299317024763796993
472572875
4
5
465660627552350884
84996112744889334
91706248347767810
2
44220323938074063
60655245198106458
36426311
8733493519563308
12
85976621332826492
96583531348166165
2
4
3869510672990417
1
9607945
1
29563399080858338
0
14821229
131413354873379311
244595191
3
59304155502771488
15240465
1103726921
173541901
1
79831428276238333
349958216
313363952
96917025910766619
4
145962396611644653
122225383574300006
2
17216749
198977436
0
228575041
1
7
1
139739956037974940
0
39790900366991799
3816512882105248
3935610550065282
2
23098016260911532
0
529423891246622581
3
23595465669229262
7
75767515453437999
9
292536109
103596227167631392
1
217232404731093303
0
2
0
12811935
65855556
1
102826489140412
87541142
3
8466339377739442
138972598071807886
9224061
216662893
219917915314234580
552263217
6379666999851828
302214234
76790872
1
1171327016
100028614
1
0
383697334
246229934210686143
223307528725583580
2
1999547
584868924
3
1114664467837150
70841297
1
2
350194685023436596
24012325563497027
29690173
318134631
3067130479040136
1
0
275899986772416321
802655802
202179510
111099866565035
180919255123917909
2
604167847
1
1513887256
48320942096641375
1
39517122965468012
517464632223342298
415488658826924516
0
254702303347072316
216991153
128392563
1002811044
303213806854408994
34481928
1366144870
0
269843506376326789
266205579
0
4532499
396799768
171355685
23250754623814289
1
2
33402554980141759
7424550
11
32782193402178038
0
308903531
417390654
18777845791121121
28983267569253
876311969501481420
0
4
1
2
192341468071365571
290918795347453841
2
0
2224485
33
34254861
884371531975897519
1
6
6130015066977529
691223653
210468832532216330
56060255028295055
1
314794812
21457115
218731904
0
393206028
76619351
2963880448151187
0
116348578884556115
2
138333162545738476
581725659125773531
3
87166788873270433
902738224303710610
7
2
487586757
87637272
18618463
90368533
480651147
43691263
298613692730989537
1
811068476
1
3
1
18068705111900739
423520690
3
178318823
1
194489206
7
0
747964210196136664
255963163
34563430
56564258
541951312
5
9637056499132723
811325772
0
163798331
0
12199136885021432
700785755495433382
578615554
1167660012
0
128913341720771928
268690597827027094
143572585111834563
0
24428499358474323
268183872
189797050222150910
4
610284174904148
199318322
0
252412655484252558
3
1
462281977
8773635
0
60012427401911912
129018089
460738451
170954118755172957
7
2
4
200629114794640313
516219633466663299
5
0
0
3
0
174592745
6
337328143
122273927
18821504069238337
357240656138631510
2
1
579512727850361668
37562926445412659
130311149
0
25628055852594633
288252246
152079669
511398606958960703
219742465
1
46987340
5
132493857
70281344
307105990285834580
1
100820009546952813
20779596
177063916
39082038395370017
0
56665683096436200
3
2
154713358
0
177782153669928859
5
23232862
2
745245813808524863
19702534441081364
0
72242051
2
292634051569821179
81515770954885360
681895193
220928462
9
30122056733220117
133338189644442619
1596783519500615
16721249235720741
1
224983538467414387
5
115109330220717663
397140555
1
4
1
4598918421346711
8
5
44473838767894623
0
0
26381879
23899454
545410576722840223
116326197805675876
103214538254990594
326201667
493281168
1
514629246303917928
167730193092482869
3
629318703
1
146312583033704303
524979408138133495
46360649650725452
3
986162950
1056892514166379
1633333715
34
109292660
9
687861320839580
515035054
278829031
1344903731
151903697432741246
287682565728295955
0
175682323591326913
372521449731540222
5120628
2
1
12173097
276325197
50859445871613605
154596626
190378147334708203
432868837
7
3969612
482836572030808474
38450751795439342
37376337
201097607328754362
8957606542611938
193513920
555076996
85549466008542968
62644314
48380902347186638
324327918861682357
120831829210820365
232901627
7
162261325
572204463
395763983284450715
103592297
0
1
6
524083117
1
12596794749733310
259504215972662263
795496954
651942018
214094239199766422
24160749271207437
177671912
37284975
0
0
33899117144686923
14
255862856
153057760078821310
2
126589447878896394
237726305
101296933804136763
3
631720010
2992118313
174222960190403691
1
223807823
1
353986689
15
1060516265
4
319905429
35186962303008208
1
13831479937802380
299534024
458793059572525822
15101453036522696
555170875
12960608392240809
3
4
5
0
257067389
7
3
62976301
0
1
85541821
261628651
123722354
0
0
3
200296485820546022
3
37630070
729805944
652637844
0
325943870
12366934
2
3
6208054114564657
54130784457595663
178714887660527704
1
153152106
142242373165879141
902837897326364614
104377590150977387
16224742130834486
395028103
3
1
499799989532972822
479775487
133545050
7
2
200737431376773970
57270298
182377507
2
673092293
265321864307547920
5
40166480186804081
41862098
1024425304
354363299
195209746
31675295
10124833243657429
15165074329518370
29889003777497740
25844253
92873028206830068
429840453
201788244051390107
3
345648526289251181
138068876526136650
31
85466654
55573862
3
1
1823744639124993
17380073
84536137532027327
51734768469476071
12
59847703
1
189228794378223514
122054808
178267605159938728
388374409296379424
1
4
3
93842632133765245
351214123
93921257449575116
339022923752983991
23807267
34583798958786231
187508521
687727099
185313385
1280734263323963
3808060908954011
218642848
534134591
193085592
177781081
0
479329901108122880
4
699610224
630283821
7
2293789758087374
3
10926924491921180
17248048
3083109127059990
1081327266192987
99438529157243968
47788682566571754
226876523536284499
37016808659904393
1076305808468859
608323977
19865854
737196331
1
106039020716871522
2336762917
242456521228686020
4
33176601811315563
0
782347945
229870546986444009
307168266
50922703
92789992959426383
1
39816147908033333
0
240849341
22476839912877945
128562089
211459347204927769
2
3
0
2
226833605
64544597
561686902
2
1435460769
373233703374224623
183670957
518882570062710663
2
494559069757669039
78284258
60264923100809543
223603326
1
1
3878301
0
60817106600041930
39643885088916354
0
1213875720
19079254800927825
324175716
139980460644497064
254200518326552079
201646119
78652550081633922
1
134561469
844916049
103708690
0
114471340667826741
21946631002957353
30532473605501886
10633888
21910697
2
35712552
724371840
9
1608879340
2
0
64653983285880672
1
225176233514392755
339221420103401996
754611549
17740228467215055
7868213194522087
32116261992702854
3235328491451344
4
0
11060798327752644
86900090
270115864043622521
633856428
3563954536020202
70874638111596613
93460782
177326304372732811
165162611170755138
249962831
353455005538832962
0
74019513630288521
186278607362662034
76541182830169960
3
2
8
89287108530028968
554879945
160893131755207930
25910673099623969
300398200
0
6
9186687
152150946
93775748
3
577588199
478512501836142610
535170446040328718
3
1440695462218860
212565524
1400619773
960655527897150
1
29381743398730794
527092862
1
207343103
5
77345921021080198
477452137
1
436091313
267637156
34715510
469666591
95779130
196570883
62621610948284965
226308272443621057
170460542004858309
16841481035001040
48874566
0
4213954114473503
4
345788689
130034799068062
0
297621492690179483
202478937479571348
3
14187295054971152
143893870
485865551
1
10776534225714333
546032743315965534
168503009836513531
532449697
7078412
265409452381507015
4
14
798754677
2046285678
4
84608341995539739
485082070444433785
5
5
0
49734354615023242
2458756042105091
15315399828910520
702779675
1219271685
15950697
1
0
27122431621528008
15606777
2
461367117271979750
10984951857165479
9634884
537484740
715348656
10687657
4693853541621117
193736646489530951
3
61081055054030401
8
251491104757824486
27359818690831610
36724869468085906
12155345760639283
40531247616954297
0
1754816131687114
279699133
845660574
63361197093942474
172393732
6
2
443121760
26865827589449772
119982877
182078423619822727
767156796010015152
33044023
1
120502870299375040
81900034364111741
79109171670043951
453893943
281865468
2
1474540383
6
50
551613070
16979417681886538
17717392
104236995656720688
264794258
211573249
5353937
0
93474520855621713
47755902583518799
52262911132372398
819184567553443666
6
0
448295104
28161369386238435
3
17061468
562011195
1
3
44480765020554326
20
2195295278000
4
612711929
1
0
6
25489020
3
2644643108369125
7
23
432703902396659474
1
14181588513353184
850744112
32350937
144569900892100087
1
91555226
151511989
0
193717982079196224
277470052
349985200
418386730
194708152
1
128844273214405904
1
9363096745015775
2
362664753
1
5142562594200939
0
46713646381772337
32733005165371990
21718678453113856
288868467461262613
42602264
138600834
248753913
1
132638140349532401
38685903016044191
597699386717090178
0
23817281390885450
269954750
504463785
12399012544673917
113303344
6
196050407344178237
61361786312252084
508829192
2
336808876016312383
53990524013963985
35442897
24471343
43078380
4
621477944973359862
0
167298079
194170867469446273
3
20609059
190027635457215813
1973519803962716
278195705
471966633
93579252718972171
58655787850997785
262065125596345126
2484562136
1
2377743140579620
4
162205383005896555
112063662
3
0
437750070083314900
324828306
596978661994407524
0
76963885
204345564179298992
3
241222406
148318006628936622
1
85529564
352185906790098791
156780617
4109397
57649829578904496
39932631307919446
2
85201375359220730
21679860
47104600719360552
22736133
656187385377489
203684108
52507519747241294
46053469979112427
168795065
22358565264324822
849430632
1
80351788737388937
549444421
623126936
65208576873284232
186670597
90945641794857911
283900074
5
0
20357204
594309974
9394760
6221649
768226626
44816848
101835518123651872
3
0
2
3
18221207
427049319
0
37601364121479403
39880669307197840
17660674265823621
1
811218128
3
0
50667085339333087
621311805
128070929953552282
97757861994458061
335448791546964614
0
12482440
0
377213549
136949819478571785
0
276902611062618080
206550082004413977
140102573
34069082
588711437
0
11283477
1304893300
31955115256007013
202410625082976888
52776241
26565683801497274
301196115
745445924
507029121
852404431132415560
1
150299813
6654702482514259
6
21959175828122442
1
239737207118390896
431378043
276060082
13278185267275749
0
4
3
170571655651001513
502214107
3
19
0
18977995
1
4
318100531407183178
344589155
72586237678140385
55088136
541042646
260022437
1924059
9
218822089454957079
5
0
2
57028827684547487
80326672
2
3
184953205
88543306
261635373
315300086085829467
7676016770686780
25632815173949214
0
45524599236692645
4
37003444301663324
140546376453475139
60488732
587759207
7624717723203102
2
1054610927
24106145
0
162744559720812911
4
2
216306209857958975
55683698051927559
51113819428027349
174092337
12
131572232944916215
3
79408573
293372100770597628
1
3
25557114894717453
3
30649663389070800
367614806525631386
86420703
178000487
4
88781604487459649
1
570576361
4345560970
55405758408863868
5
135246022
7
13087917
1
108022746
0
71254010144633989
228874213
102803961
14988891810290629
0
88878099177430691
0
156225030
0
67135650
291879527039405802
0
6
14
632672263886803381
250834771
250706403099303288
690560118
25424041
4
0
4
4
1
25966111149967732
3
4
68649190942146807
41694582182158210
173633376359805193
2
9
271107753653324091
2
46744221
299680449
2284312503
5
100276432226979090
1
12
0
294198927990479830
124246021
893068974
2107409550
153011951661594651
1
0
3
72769667
106568988
1
18371263135830260
30715953418488824
22326781
985090121
14736992293898915
0
0
198910884
67396025298157966
190606419722727583
68456166687474014
260555166
38733588
0
75505669
387284818276393994
577264
313689616
286805898703167331
3
2
309937731228906144
1770720138
0
160342946
8
1
1806854400949783
2
0
622775470684223096
2009783239
356922532
226605403096991010
153283528589351605
66745199766747927
21520734
148553523551953787
26723107332195888
3
166856560
46088809
70470373
8499673942298829
11645411536248387
383520349
305118827393096027
4
12663887
284622463
14937590566682884
0
42539876
328868269
398146097
0
22596782079986726
798172195
84182675623525549
0
1
2
1
3
138311121213629
4
118990419524199275
10669036520596159
6
233385793341224703
37150668564948783
0
0
1861057376800674
1
246729340060869296
34189298
2
115612833
43141297
2
2
0
0
0
3
81234335561869777
6618788758864475
35946974532973449
133581842546852718
3
2
1
306519885588911510
540649729869159313
8
0
3
260354468
346357306
217483606624843743
39338529117016531
312376492
5
2
0
135431152
25481203567897952
58972640
4
7110368410041379
7
30053128
90314110069320229
67571611566371358
59417942
309086946
57790692928336741
3
67424267673110173
108950408
0
2
2
19993190
0
1
79404015
5
191152585
5
271565356400222
136237338
3
0
39260462
363951077
11165730905628944
372513634
68228698
63811470
916982341
10949562991115564
0
169833693
7862627353198251
348110005
147692255
1732554828619532
74181274157193696
4
3
2
74136332453574449
472865687993138442
354899189914237
67716172779224458
73459629
226665744126276309
218526530964760478
577056245
203026700158840624
3
273672863649652718
3
0
192372646
359990186
226240495
184380399
4
231488431
429969720147329
55413150
1
3149906931464076
3
0
594093165
448686554454146
695487561152195337
46335357473425706
106954251
93695748870473509
1
9633482
712123218437321097
761965528
370359519817549905
0
71056010
254041578
128918208
82397902
16249636
0
26435503239771331
3
171554634562292959
147835653
2
0
0
121790567
139671803693071874
0
217718990
83563739853244000
40738735
474939597480886045
742982724142496219
0
93277743
5058272737563540
20775202583062748
1
2
1
21875008
446175344
48794547273055427
207429025
22455951
2
0
4368815
106529379555817813
158359465
8
1
7
3
15
216950343
0
227440599329460606
65096658755710376
16824264425770260
2
4
795747060183779601
452498669
29197581
66216386865866531
98379947401956629
3
1
173348942544366866
2
2
86930021
541752815447157
1
2
111178079950594623
2
6071869007731081
93023051
167785039982966326
107684917703569741
38423698
15857966686237957
132328678
165934478787395122
332621360037050701
0
34278658540813623
0
69710177560541285
5
592235348
0
3
56165647
55152721
168971077
0
57591031706133657
2
62878090918158901
231813151
65655734097858106
545249688
20604844487030491
506120318
9226468
117498590152660436
77238519938356728
202810814567556175
1
234430817
558135143
0
390663137296970186
235323230583139522
113739150
1
179849280
0
493895512
726720161032536995
215960542
0
78252655
125447614
154286096
1
3
518391485163330078
113922016220087074
14285763
357187227799946429
283576579
28749311147057221
248851626
2810624
15963179
356443906202876140
85617236351276459
656627842
1
373495741381571637
6
4
0
43817320897117543
2
5
8470447099077596
340669372815241932
1159510492
1
184888519
127416997
13
16652365
68104947965169527
71706059
316280992906009956
4
48595219078648186
16767854
0
39406670
80204650
315386949
1
3
96996298
3
10759618936653406
65872462518976474
1
330187664
502297371436963274
111673856
447277592021992840
0
0
101737672
357259223
4
37127052579409475
60095211850813192
338713653903370313
224271282
0
403310771447559805
2
110138530
636088617
4
76885634
439794385537104928
1430382269
21676234925095005
97654315147935419
842662503
1
3
42722018919384580
89953470864992020
586332207091263260
0
99522112467070446
1
48453852739695910
116358187
71017891359598339
17409289880600737
15540894478853265
6358084341116891
0
261680626
0
1954155566814806
7647618
18144212513353745
91997896363758118
9180772
0
3
67089044
109293398262111712
39969724266621542
588938940
1
70472916089616255
2
2
1
180510152
1
303791263
865978561
315442783
0
66939886148545609
3491832877160796
3
3
107846093534677594
48542151540150685
276416366829760321
7
76299870075078292
13422189673826875
2064686636
133159771936178648
1
94277649975863929
121328254558981732
18960304108751532
320945025
269271279
2
1
264377669
21936847228769033
2
110154547352358665
1
105472543827104643
43202541801066294
3
211818618242924535
5
142176265187850829
71633435
5
6
21434657
300296906448072213
34838259811622991
671255773
73289741679063928
6796914641870470
472538902943527470
2
163022870
0
39142195
287490860609555
129610288
150842055
1
668076396
332654395
384201266
2
3071185626244522
12
274379440153167697
1
3
191456536
356812504
642005351658746567
1
27786409
215039456626413253
0
592467631378202476
273034811793585914
570297205655701985
0
124659297633561502
58194562325186174
46918531664965063
2
171331129
824239237218570151
26074174898382277
2
1090831396234368
420966702363695230
640715460554358624
171455925
1
810839703959256314
316385280557584350
0
3500293443
198946287
387297385
266638252
80114453564501756
1
1505696513
299419630783957648
103310674
1
211824701877102309
3642849657187773
4
1
22993102556700620
540707534
54080941
0
2
31237449
1539219964
3439283523569842
12978670
42
877091911
2
159409144396046698
1
10
149447165524920544
213077658203567062
155986612
32883105
3254355
24016210
0
9383746262400108
1
1
153713620420781844
0
53418486
2
268695132
343740508007727697
5502235807251984
3483855113163263
245316855864864075
1035931219
181684115627766992
132028184
2
146500234
181967956
2
0
27799114624832841
536671188296214931
5877541582418005
3
1
0
27217793985524281
245143177629419314
12290690835800121
244884600
119654430
5
149448337633377903
1
206273539
42873762487980159
186813196811975577
30369236782645776
0
666645102370465106
64341182324014569
426005855655340673
195933503329928943
1
2194455265
10929037
226296679557514412
924773736
1
11796137
2728733404995408
110356855505534913
244026735411865
3
1
77134214016705455
0
175447259082469394
233785215
390937938989612737
157647808933979787
235087522
11718915337899937
6
502095046
413045275
18628057177597690
41414826
0
102861103
0
466919365
91095264037241224
22135773070796776
0
234302926
3
159374798973151245
21665713585779946
389588405
326354257670435380
40776204761505862
0
104344767
62217337363905340
28287302
3
2
532692964303225196
69859107284148657
53931970360558707
329466525775775305
8
45576346
1
3
0
111299000
4
3
39927968864532121
69443917214725939
0
25753412
5
38087313847083747
147149227
877593986542770610
1240666
1
45671256445525969
1
2
0
415933336880570
868146476
95309265627868268
3
1
2
16653506567536475
34353668372693942
47075848354396189
8404682551936737
80815318
7
50304782413113717
80782541466592514
110940347
253278141
2277453356228034
3
668161489
1
610192451
107346418654433595
1
229766491
3
35143148782230821
176017159888050738
44071709
31440615188988494
3109595571774818
3
622705666
115791676
3
299419792375686445
112094713
0
0
87229736
1
3652625407189498
0
99463745
12146892
0
30528147457610735
239515113
0
23908065665595912
17519362438117794
2
24536216083984186
28769831468909714
893975802
32605952737515509
42702484621831561
760290503
508983716
2115366872
514845053
30453627509502474
140123642
4
184160913
626387046
190514064547559266
18230561
57447766
8693557619112581
1979585878
0
51219085
97959645
3
407160007
8
2
93920520147285946
56509007704412824
45910870
1
914476899
587896426
0
122041700504854508
10
13071987487563842
26265923415529900
50229511200164690
11957186
296135503
332573498981934802
177500966
547091577
88535558
2
3190326
3
215871050
916182711
198584982
1
0
197677711344899146
535842532
4
0
16153339592344041
27425279369617331
1
2
212152719
96692284
153047643383095961
15379202354830089
106749685
601135878
2
4
85136241
139815759
0
2
3
135147613507435579
945532344
211680303797270
2
11
385154195170568777
18560557763471455
58444055069014291
0
52786542618611142
284177168
149243664012812260
705426243443936
15128667841149148
2
14729569601813802
25927389649229900
5
6
192624825878473992
68462146740986305
51037011629809715
284520392
1384057717376393
7
652896622538479547
0
176938149
122597130
223507519460916016
1
1691225940728080
346163349
69800916
31531667967909250
0
50991126520409002
245506413947311507
3
458069196670786643
94556597
3
417156193
263837740
271902095023840655
86793923824434191
548293004
251681195
102443362
9
1
35742275302210536
219723961436018831
668722814
0
5
155365999
93793608883766179
76847132996552371
1
144913699
155825260
333103191431091873
3
95930811
3
274076940332091380
0
15354936584895263
690031054
12803328
1
1
23564066139773773
7810195262085325
108885931202500589
0
284658195
0
1
280259486
117110957311443166
3
3
52729585125788309
15990088497208415
111007076
205487672875776888
51584151926690309
116224149
31849570
0
79801956
9
2
95141336
2
244874365
173113988422139705
629528666
2
0
2
1
160983756
3
590674975123967011
2
374409691
9
668134207
95724789856465728
916991688
3
2
6
101616299
564825433
4
2
8532862267947503
4
71063153270301074
1
1
5949522651494400
316186544
65017907095040244
740764624
311299980856861864
38206004454556020
621672715
0
762396567
4465602013548299
2
425190581
561061643088616773
270960811201201843
455884406
26823827200132598
0
89727208
365297271
359002546744771401
3
626194141766827
1
184413273107785026
501850653864455055
0
455849649
99154635276213525
146931447553790477
3
1
2
121890415199452799
5584180503346463
641907229253487319
4
156306358
754965234
76450526
5920335425236552
670296
3
2
9
0
133899305926291678
53786278436472990
1405388459
414314824
64193082678202882
0
2
32212244690693009
2
37908160047248046
0
4559899
0
444805086
15713894812465187
14036403
209790511024513636
3491352
197042714
443137758
34446691
1135819898
2854750
0
39340673084350289
265688038
54671822
390658574739082332
3
2
0
2
53340345311634834
94998695952525737
1858967
49164604082227535
267977432
251261284562969526
1
377756309984286897
1
0
354214527
57938646
282456127
543570224526276735
0
1
19
80461081
18020830387979676
5
337334773
4
0
170837346387941716
69056320124607935
134956240
0
9077088144570207
1
1
186884007
490664721
311451888885239080
789137972
167139683922000472
2321362990503881
2
203240990
0
424784373
14652578
237806298010883162
208373981016842803
368652800
7
81920647
0
0
0
1028750020
9220557944773463
0
249676306
8915138323908800
11098088533386029
26406075697253526
0
431562632855894387
0
315715080183657753
18671265
22601669939156462
397381124122220804
85883380169168860
691960508026440062
175448734672170288
128632407888242699
58302001134575805
1
59383631701259724
0
13082334
0
1
586540846897472553
228828017
25836670546664921
87777863
0
449261169
385347142
1
2
3
195086538395760569
2
3
56850707
13965614859553120
224207931897027699
0
35176655266346625
1
206149770338282988
1
5
943102222261959
9
0
3
2829620129578456
102018359879663548
0
22633010
203593192
244611993715939445
33054105487097152
0
60055465456262691
18
568462149191313698
959134350
20561287260016969
91039549
9736806462786772
1
659339261
16991082210843605
5411199765
189701142
101873693610064240
2063941671694729
185936593919406978
168091454
2
138104436
235197672
97650247402805657
1
1248736369971014
5515093507821000
418788078
1
73909466589577583
24569185495024540
2
142656923
189987250573242119
21279744809903902
9443641732185364
402807076566161259
1
8
68471449406435856
2
12
837856908
277889962354751698
366464478
0
1
53696940
63494004
3503103189718913
195783390003558
3
401094685944858305
22063819568607447
30498055
29145749633832084
2351810538999476
55394887510732318
7
152756364157525116
2
0
236513423235179210
95187447
102516408282304650
1
45543191501487134
512196033726498883
0
130261697
1
282573269
204807634574216097
91343316103770669
185566167432767008
137824766875412840
3
198509541301006510
28537302353687379
857179191
225614855
237392739
0
2
0
103566329
47553509185726249
233385457391675118
3
11198558
0
3
6712893668363880
2
353688475839011500
410262435
2
7
3585460421232162
2
3
177775862
314715364322115752
404386098665124053
461949396306878642
89158613
981722319278739676
16
96277055
443453189625399324
108249529221412914
146196525
140206652512552795
1181957430
1
57794938939588797
183165641264581591
288473735763372303
2
0
237944872723175681
0
130334518
5625143514641819
0
132345761794603761
117264450487278843
64571138250319407
29238283339163222
54
0
43065491047972195
6
564343709652256869
320328967814573696
5
76663200330809936
0
85133223576582228
4470613350291925
31166753836440636
396709162641874564
78967035
27221916714608924
639718999107092212
110458683
31062599271617382
808933246327053869
3319597
95864839
15
226046518
994265147
799398992
5
11075909375088452
0
177700648
624935242190269095
51144533
1
295651008211566550
543188473
0
343196456711369475
5
290861019029962264
1
0
2
3
200111655
2
2
0
219307459965156388
5
41432207578678415
164790700865927008
307817327850696657
14072921508500216
374973833
237443498380915155
7
2
0
13
5
115271947
0
0
2
256800076
390924822336911496
407411267
56556983917243327
458869319545148330
81699109
4
17
339694609085778265
63371129700238849
21038174
2
1
61977609066188255
2
428708452
8
24655293
618481964937276
2372825
142618876824736155
321786933
49160525
398354400015473797
456034659633095963
143773232485570073
1408872907
336670524144813121
44424757423762594
4
5
0
102725036
7
86247317720301513
27897929316354232
116213521
5
66713242283504572
105176957
1
4097495795218540
1
106575486247390105
219504402
1033684821
88740365249924637
2
0
0
105348665
63440178240957250
193263239
357711987
637604794
6717797
322808605
157145585295344695
20954109
0
0
44373137473083786
5
37370003982079550
1093684614
111352568554484504
11253547533813967
3
821307560
0
53339241
157637915
1
676169713
0
110333947559085482
1279537250
456406704
85131675
241437854
132154040
119307100432800324
2
120224542651704142
1
1157359188
1
209091625472621875
2756327489350650
850709488365202025
2
737065950
0
117479385989123133
26553785125803612
444326240
423530375
180959933
5087970862711112
0
0
758777499
1445391086592295
5
25596316961448274
56978371250441592
8829677405600630
101107414470685780
9234341453596888
156886102356064186
3
0
109452751300154082
9694608412006402
1
168214462581487876
81253701989964739
113736271
4
213874039604117285
569460044177821226
819642848
265575191453551307
495780767
74460799
192180650312318855
272708916
1
3
433251763
145000033
217204128616998610
46255558790532203
890172
1
119893368835456931
377433795719660211
364965040
1
31765174253114174
28006074041549688
1
522859881
1497867855
3
192140522123401500
169635541387859729
1
15875487
0
4
0
1
41415292373948075
0
14358249335268618
97083979
2297895
2
15
7
1
1
680849
0
527223716
0
507138011803403650
1607058237558228
0
181502638
8
0
5
1
1
3
178604885783848212
91291356704999645
540862518687222402
58288205
5304791106068591
0
1
1
34138902633407425
0
88392574
381696588
0
0
3
1
1
334644253313392321
223853105
729081
1279407
568995597
2
314997304
102914007
1
5390702
0
13873434701391022
657763465293195920
26183264
0
63424208180741429
12707185819889283
0
200604634218391863
1
323016995
1
66647264323420498
1
4
398224712
37631230218003362
17
489726078
13010685066891102
31355201
259603855
0
0
43792056031981545
14963571336662930
3526396
0
37866817
256140066500501578
30218360054408140
271901156937842625
5
1
2
1494718024
1
0
35580735446385089
368362479
19335184
2728168856316847
40196475334364897
0
0
0
1
13
84796823
0
5927077509158049
172851542754912699
696847692
537993305
4
0
20611397606349609
12554516106108325
54494484
209705961880216479
0
110991076
6717932896431561
62355705187529
2
31484480
0
460005922
243395771
153221660088104838
6
147644371
26897365069542725
61613467
0
192093719906639330
216804587
2
181065586
0
687884522
83306136
3
46158678
3
1121517906
784211031
5
0
178415764
828699866
474864627519139
670298023745787105
3
299436163228177323
1
82003496
248492170409238689
273259744
298804201
4257923055467884
790663955
30994194978418664
25718562
2
132694543
223421461620724566
4
654993543
140650998
63407394
3
17751833583610619
3
784749953766143586
531400276
178336353
147139610090306761
5287188
818818635765348807
2
13384592680881073
4657093334183224
58465611827348164
65314323519044055
73437731
19336204363897305
1272502333508210
1
353126708466233231
0
2
3
1
472719358
2
76024945
606046553588158
281852118
2
119202821470304177
14815284337579521
208538926948727799
386036531
61706569
148122300
6
3
496030831
2
142296408
0
655730167245368205
18230106845096320
2
106560260
319211701
4
29983659
0
482330585
158956899
1275532066
1
1
272931331
39341977850301559
22620476
31308054503622195
172159166
1543147041
2
5
158557087
20757635202520293
56263968215539178
20241177
52850031634563238
33556863711935352
12423014331304678
257744601172937181
127822014
338817128
2
206425613
50014750
8945484782409506
83586040
533592945110107250
727232534153328350
211471066
8113534556876799
84914903
1
5
64716421033212101
27556337
1
206638541604598868
615055198
402443777
6846672560966299
804212683
326666533
7
19577926132232716
1
4
155588144171453359
235559216622892414
1
55406441
16415833342706933
10878666325601940
5
29496715245599840
617922772
1
48606487584051003
1
27012988552821014
0
82634215
415127059908572511
2
103921954016877975
689859260
5
195263515118642739
1
651458906
1
39
102717346
158707935
221017492811370053
32147874
269240651
203348786913434029
46131507
219401535
5408060732561916
8322477535201955
183891968
469008401090076325
605855356
1
0
3
15400258535195
226508922
6583157
210679490
0
4
427037188
23484083
3
4365537976901908
375275282
3
1
274103695
163751067
568956798640554585
1
376919077621125235
0
471148238381807800
169910972
253195114419574927
1
20514363
0
4
647840488013637
147966337559104330
73584466152697433
261198279
1
299830184
24027249
370303016
159575183982063174
193398229778768776
10143771074539
85681544
165085868176529264
1
345965353
679551819
0
0
0
117521630413151940
34256913
309176240
3
327157875
167559851806977595
0
1
18549270078638274
11006532105106731
300808599
0
3
12055426
1552638437
115557410885652279
116058799867372938
48934455916392400
5
172752901
0
0
867603035
95852490
132444140
0
4
133102892161610311
2
36213775994743010
29
73773718847510445
648826003
176294740
4
4377473452934087
23724259014104944
848289792
479387961309258663
1
135940249
7398918
1
352266158596237046
3
12355661
91249629
114674665
113810456335463710
144970930708576031
1
0
4
144368009678118152
5623841591917599
1
70154265363541765
311023175
10
9795492607316291
758891306
6
733645968
15374432954825495
323091415
7
3
747889570
178661625
26835106
4
1
1
2
3
4
7289080573766417
45639788630486064
1
110102144
304097702
5
1
2
391888657
5
210163857
5530979730715024
806219740
186922702
324516291
126481452259145158
602269060119985790
1890724959
17067616
35215836
80921811457887381
0
328594660
311976812
5711343432425978
0
35699357
186789959
159206295384455197
397459531402924650
1082180925
1
80231658
677423974445287508
2
23386663
617452014
411383773074969405
1471665672
1
287687627
47848633042398306
1
5894881993895520
401951193
416668076153348649
1
7664167239488587
216700522
6
14528887
264844767813982695
3
367702068
104645092634387479
1
69297482
324903829725865630
0
86155633749696240
111333252
85310486
2042561054
420623469
105330020531342096
301449618320365998
329202092
545055001473782650
22925285857373771
1763244656311052
2
232388224281663748
933029369
39156803062615152
780654022630580
2
5058298
512069916
0
36895251756728081
19028823783520189
203247908
0
244852562
2
124182384
90727296682713414
1
116198979990284887
33296299196737256
9
0
360590689123618435
429097780320088687
86635116536002312
80160234
7
446576636
1
137093911
8
1
58978413091765659
12132472049088293
4
400992429
10
44022468
74610452004139016
0
0
318654437
70057571
1
3
124107427
2
80915455789310662
1
2
122513674014168600
28551174
361236216
1
13
2
33066484683590691
161295030
0
2
372901106
0
4
349092307335318368
8096564955593591
149538186
306763407
238573789
2973644738583827
0
67941691989550553
29604470
647953034038852
0
1
1
5
17252227619540764
62109195206238389
3
295340272
162065140
57323830
103038230
3
604949905
1
1
0
321588439034725754
226945875
54158462562761800
112967848
2
34366946
6
188310012
5
21126059821294061
204301720
128028734359616040
251101320
435189603
87613213282932619
131577511825235621
23454862394249351
127468765071191694
114527998668469033
584955364
61823503918862328
681597226
3
0
3
155488466826310803
0
257648686527788300
9088912947837122
9
0
132562524
4
16373584
71691438636637368
3
4
416185775
394397275
539548325
11
1815062685630994
148125147028057410
316265142050394209
114931312126103974
42200971251287882
16717971387132183
2
309964477558260397
183482221
172497105
156756296
2
0
8890175
2
57645121528290799
228607517301364788
610077191601593696
7
2176286169
1
107728357
348377935
355957074
2
1
163250008304024694
1
0
0
0
62999225529706915
2
103825575728862015
645313118450950671
3
29750887
183556911626136146
3
1721033
562234354
0
824963
24284999
1
4
145060892248994321
232789639282181996
1
456443093
29644643416956985
64951870618123858
1
278559265499990307
1
2
908416842
29155037479218371
397361992
368008225746240178
21047746668706465
915715028
396449635060952376
183531687047462512
1
16290828
7
3149522118366119
36837325
3
5
4
56046478553224726
85594179420087911
3
4
330146012
0
2806152627536177
2
20
61068609649783082
31980638
29533330
89136605022180094
3
729012337
17305550
83055594546376929
207862779
0
302272312751520271
256195356007407331
19
4
3
23021291
4
118581708961879738
61463897971293459
330916846937160797
23317063680021350
277004436
45136279
16409383597920874
3
1
9390003747136856
71738712425057657
31768759
34125190306204611
360119875
55235187770683781
45327854088580317
83146244
12676054165214626
19421033
624853111
13407203
1
488017230
3690728051849244
22946512
231879807372892962
663495775548402533
40147601021005796
922096843
3
255934739224155407
4
6
124418419212443066
32419090283195890
2
25792017133562309
0
4
301353614298140882
438274599505601477
123786083
5
4877618491791036
0
886037152660528100
2
109316743778696597
55339127089249011
6
180807587097412350
280775698611301807
187754005841052686
12786909410802650
1528851888327820
6742916237
231293083
166099071
31
2
57801750
35075087049179875
457114025
77638515
360357823351307576
358903088
156501708081492823
0
328655150
492574718
3
587570221
877876160
1
559532953526460502
240391893
10
104656278331351420
85440355
2
147006154625396198
5
0
2
8
0
2
7
300315481
51432928864436606
1
0
382017434
78803788878589949
1214130794
40431075258535
3
123894563059696342
2
241015947
144571882
1
59359896255049255
76396425351053967
3991333
1
0
20048284585111951
26422838963241684
196705679
4
1485946026787608
75441462536048921
125868424
0
189817267
132509228254058114
3
70258093081219363
0
89707859234664477
0
1
0
405329189
2
102882179242735631
2
784894779
1
639563022
292204779
2
39138851
971077800
191180768648638457
507761762
19708567803772805
21031695
571468471
0
2
4
533108507
4
35555949490388816
22999297402006
60309297495835881
171905591
272543355
1
367065935
1
933470043
271923964
12
99042318
213014880
186633371041874951
95947993821085730
493892082272744385
4
84131239
22070714
41971287651951086
1
72433818814430191
255859601926099258
3
413916072632876321
4231335396081492
6791383
184702132
1
6359202
612149720
216616722
562316154979121325
212431948508289649
27210287366393422
249195271
109567687198277016
294298548
0
8
2
0
86021949870972403
2
287828835
1
0
199553142
296380790979183601
283481773199622294
11
2
13900120079475637
2
3
9024056724411919
1750461225853794
0
635015084
70993802
5
2
283494206
849713475
14792077037372278
153240844217135851
2
1
3
11
23046850376489821
52260118
198756155790563712
9
251412667711969208
805396678340876387
592932401
46904963850242847
2
323239046
69575942
0
129276940
421477200980506262
22
0
0
34391496919504138
49817217528305356
0
351065438
94299656863881876
0
0
281996003
0
153015706902076003
340023552585457409
5
0
26503045630088582
350901470
1095492787
1
4
10229264
78025658323530057
56517789333746887
0
665031330
498072928
2
507030535
92646626235390992
101899325
172371972573876379
70834956
7670913
1
10521548937029053
5
477626938388130856
2
9481320
71779922
495519976
705916988
332911037
51631311
2
198980332058809
5981346
126961587167555532
50503960
0
1
3393868421415948
222182833
96076737
618623873
296638057
15389121853524172
34262562
474453055
1
348866046015889
99833420
60202613
48434766
35823286
4
3
2
3
296594123
200734759
0
5
217260245461972323
245707880552514115
40571989446658375
950797347
20033329958241372
35285092490073990
166533170
2
708175224
13881898116946965
3
8728517356258827
0
294451046563331233
13593088
111869624114982743
75601120087079872
155769258028099412
19974504869569084
62938462646150173
143940035
1
49956892917181105
557445498625844
0
0
82840288
3
1
1039793910
241660640210400902
3
809669062
453384029
0
81889078066763396
0
1739274807968348
1
88269291
5105011765827418
293021059841269874
15018838862863482
1
4
247137948
866100409
1
183121624
13770643229010234
0
25014437367577054
516692534
0
3919126
68818022894307043
0
49999959532467194
1096213542
31961695694753638
49425502590184357
336326126986111265
4627946785303871
31718302717105368
171116153168544793
1739698
196419318485751006
44131558839005011
90198647356635317
1941334120
86897799
2
7
245818652
205990307475104611
103771628203147913
782566729
750957969992250930
61045210
68884981119050665
95242714
320915743
7859101949183420
86421784787429194
0
3
4
1
182049881417689256
621762905
0
1269144685
33093718
17091231691575
3
2
557668483918019855
6
0
52424560986052424
188135024
0
3
2
0
252431972
18912729527684739
38273281
619257825
57506291
121182179
96764125
24226814
193228261464234967
203741406
31278111
6
1
4
16555981
10741808896318106
112747137
713606684
1
43630424567475441
585428531
61130357944096693
534171154
15984552260315423
204133634
0
156353434710765249
74893559197233702
720250208
583214271
2
410524785
111725523
465102614
195488966211987
80207584
167361706595564342
110083597
235103376
0
0
1056040286
123000218708529328
4
36397723177081222
0
130158818407716220
4
216089513409163543
661199376
0
2
1
315943671012365701
839025889
269707283
168980162
979379875
29224326
86561986754908012
0
112140065030839876
400125285
748695007664296100
5650877286890630
172954918374027
132097345
58156650
89042506532903044
289389916209119
1
0
22356020
1537401470056722
3
226775709
56240704
0
17525815
7509738862523731
307478830990694510
157565781300789150
272874461
4474696166421015
1546659291
13936603878270157
9137215615649678
295303210
11531248
0
4
2349281
0
0
1
84223390
6680493
678641514
284199233
160604003
517176941022394199
14
118675353
525104947
35228350677583934
1
32253374
583487823954137713
96980473857084916
814702424019598221
68850080722087987
277150798
5
394376967
0
3
40266250
248530729
618648491
503396986
9827440202424224
132795450175117468
82246765
4324542243707335
1648938205
6
4
0
452356348
2
1
337835734287071696
1
1
302634455104902718
181996792191915596
131861202338612083
102055131
25590590
138661061016688725
4
5
6807598
0
0
2
1039863637
44997355687583543
2
60128300201076056
0
0
345178022672609055
78273029005662985
2
0
206632740
49703372
3
53690580
140589888
60174491
33772656
5
3
133915538726376701
422597691
0
1
0
339944050
425297227
1304417329028725
1
52702107
349818931001112809
0
1
9
81957805602239063
0
493478998
0
484211083
1
0
25357818589569243
3
182598724683521036
43269228
0
3
132861816
75642415915825496
1
171056564
31537611521514935
9105892267887003
6765034808563135
31208285577623753
1009398143
300997486074587044
805625911051437016
4
84953593
86203556
218491492472846036
8
18418696051567049
0
304639866751348958
193369170150063065
48890929450077654
34605361098756665
794546087
136368517889804935
763584351298200749
72090802
32708431758844932
222170114
2
28278607838728080
325426833
567815613061483769
5
34357221940654872
4
83962340
152364812
348924110
4
144874772
0
948662125
0
77596915
699383312
5
491884250505219130
0
176288236622223792
205172988677388195
18173513491766198
2
227070326341026331
15101148598917428
0
2
74177906644226577
344198636425965062
22808483631741678
4
7872630
162431855
2
113662241127620878
688911333
363461606278710963
28
2
7
5
71079548451473871
6
570745845
126441275666545727
2
679056876272835950
145812037
5
0
241700723
2
35242324893027217
604900730
38892551
25117525
0
216207882
1
84352558
2
37440325378248305
57644045254356901
0
452205628815706794
733834472772330482
186074403
0
1
8
0
5
209332691872094006
1
1
0
347795154
199636689
81678361
3
1
2287182681000296
1
5
0
13848102791290338
325379576
221090492
4
307147302966694051
214032517
191558801
177032798898190979
437425510592326607
0
107592868
407253903
33868807886506124
2
352146884
96118178266448321
384552770069753500
96741025
284412470216781915
920922699531143612
28986257
3
292803097
394803380475327328
0
89825983
469485809
250176240130347971
9032088356289287
177999344
134554828332182748
5
4502872
118809087070620344
1656964232544950
201800517
73540298
1
2
507740046833791368
84737863
0
1
294328126
57273746442337478
157535740
12415586327068858
144624735143799838
144529271
57511523407209140
136554489
232953732
1
1598051908
240998947383287118
555656747
213742927
33091499710664346
269311722042159386
156386656554156097
369774240
215393191
13870314
288249598050388637
197666314
130762759670515346
4316626650041993
3
2
20069553
6626314
177034827570943122
1
666937272
6694812255074830
397661636360486821
195481460
40967538
210184779340314018
1
6339324
1
115695106964243831
450942152
428739335
0
119653005222758903
615023735
65706766343328053
383020700
2
3
303982695750070429
2468570058419896
134857810712799959
318304392721471947
87409634646564670
58249791328290467
2
182347514
1
251596939
10442989998843120
256064847
935561648
0
207520328
3834827756004305
3
7
401156343
52439950091474463
98074592
735941335
63299456472017500
41732685688116656
91592083650534759
724177212456415
496560753
14725085
2
86202141948901514
106149113
522304156682648431
122440636
13
93974874409459811
2
1
356935759441657362
286570872
288337728208006837
88555170
44298098481489200
0
217019674559032022
2223358143494050
34361071
345679803410906057
457583223
2
0
320307542924185308
14
297568180
2
10753538842693559
390605358826443
0
0
30380004707066605
519109714
49839562199555573
36847005
3
602405350509677418
6382596590060787
2
16423929407906486
167139660
40699582
3
179476841
5
1
372059717141920870
41019374738483285
37395323169659820
527109835
233257720
2
80081730
13795841218198682
724348085
772115277
254774495793930507
14107409
102031445
359533116
770320970
2
117499623902353245
116713129761399995
230530197
14805421192598154
5
862934355619890052
6762412576885284
60311439538219393
1
63907091358773597
0
3
9219470322694487
293663080
3
0
1079490010
0
539145267
132737053
172505003177510659
24735921
259909953645338736
1
262501437996804079
56472472067628813
464704343
36398565
1
266124951
415283836806794041
11
16137860677087710
203331055952453097
907988272
167137718910064576
4
330014393
839524265
73814624
7
833169206
2
340395829940549366
1
114773076491175076
2
0
243208844
386044088
10
60032661
32124117
1
0
444691083873492638
17227418156264398
31183950637372538
2
4
3
81649292
81130216
164717866862746942
3
325222125
475674064
633504904909833298
0
40603565586235638
417252652
147969725222744739
92216053842777939
66230326587886701
2
1
2
268361891
3
435624981
4
106602626007832835
3979206100542526
3
255092888
22
1077985496747008
350173299483405787
0
247852499786602682
125294998
27624568
0
344305833
35683945
53465133
0
98647891948350548
206510365328258438
0
95294166528415851
350883488
93148053173220167
2
1
349774972
87110258
23580612684637973
0
4
1096242899
10733560
2
1053453858
110873720945401557
123548273
459345639532414993
0
48827809
2
371353336
99707154475985836
0
118698628663008807
42278502786343191
4
5
368704603393483388
11833850
211944645
17483159801438007
2
64567675738610978
13737097832882083
816692409
6
152083290
0
1
2
443140975
451353440
1
66899487236674002
2749114169
0
299534297614368431
141481394347409665
0
1
11008818048578415
1
381249275153525980
95428150431345297
140275214506614979
1418930033
277498092150791442
8679655971011240
37396753224824285
272389304665063856
761114240
111634860
279692006529759861
1
164465729
44984883609422855
342386819
8
695398141103986145
76553723
205025649
70134972102963559
677862379
60406234
558174379
70831311625901103
94043499369027289
324123125
92285628943419274
1
83284052
147949020
555606469
149905603
5889730
12584698769053861
204919964943060509
84642503365095420
172394951092493417
119521748
1092119523
0
4
5
266372370
286916555045547963
2
31799916
5
628794145
355172030
0
28787714
38376480869625410
104406313148540351
10
2446595278320665
661208042
0
1605562275802472
3
11
576272782
300345142999127924
2
147375468384357629
3
739892333
179714538372750615
1
38103303739225257
202895949
11
5
1160226715
208926261
12026849271777597
3
203120567277458861
25965031909249589
0
110295271
6183004
614530546
242277331794070675
148876043876240482
1
4
70780995
1
328149466023699264
3882219
71705722378761615
87743036
42519449
947873208
7153351722530654
0
2
88359606
88132314
98019234
109867563
3
295437738
0
6
5
172990008872395756
60242852222213085
160005834371499596
10519302
3
249444161302654634
232871536167370005
287735750446286717
1
429261858
580613593
1
0
2
3
0
3
484575182928830251
776766792
1
88694738298285768
105381409674660703
2
172856879873413424
2306872406253111
187366514
3049343424
9
1
6889786922075266
2
323382681
7
417105709716696527
141460832290690238
12
49566063169398058
1
3
164813271409927001
253882299460960994
0
7
1
69296454478680221
179039455
30846315
8
42230791465793887
16
2
371331024294072
0
52222918
99743890
146336450479192453
3932671084245843
342462026
1
337544623486796
676301059
29966161423064729
56053938865360738
1
20481343
250955833732190765
100325005
0
365833384
311460642
1
209037481929710821
785513352
245726466115227153
477988982
3
1005364825
132179510
270064614969979815
13391880353070134
80588702848854788
652148752
1303104811
63880798
190604215
109632854035156403
1
154081436160336612
0
1
1
610881230
58831283909278643
3
177221725
116704512977150943
199449226333762611
3
4
301419626006171
4
13191283
357669558
106690321
1
46840748521902525
0
21841501832846636
225951114
3
4
160584795766780231
36283208
0
0
1283938279673475
0
0
251107256494041143
476495796
9
1
3
7
13648632499859860
6
104303023
40229775
151968098
1
0
196089601
1982504597224807
3
2
0
2
668526634
1340835624597906
2
1
29357526734310879
2
1
3
1948581329094154
41321093
400366424756595694
29366209727067787
0
2344775
19
2
351727622754322280
42246406416889630
135263474177471602
305757197
48500732598887250
2
195384965512276245
346263932
1
1
67615520140219845
1579703916022538
12974131449673360
0
64353266573920208
43393666
340196496154849026
3
129416362773965527
3
3
1230621264
4
1
186907374
76515918009344727
1
199852447
67937175081544580
5661848
22
320582396
17740104
140139043
225488243
236412766055939373
47187261
0
1255011074190326
0
31570936913983840
324455260224622847
359470165622119452
51262941643090838
2
84670564721637888
68080378
1
0
112211275644225507
0
559528457
1
11237143
436909951440918791
13850291941947397
545901939
217615281514096231
2137140771808224
179573616159659149
5
115996779
5699888726524504
30890648614815399
648308964854657784
121394028599572257
452153449575279395
2
15881313657650833
76782744
104205012691561091
0
452688914
6
22223345789775432
715981049
287816153
0
38373037392675975
11
150494132070340525
10584223205678145
29600187
182995630493738
704149304
1
541061971
63872277
165530184
2
457838015
137922008636321709
0
1
27129069
5
3
4307269325416051
2
194213642278283957
4
0
91914225
1
0
196877082
15456244929618255
100643126634774943
396654661571285337
39185014520460808
2
3
287946714
113571872931658081
8
16472658926676749
288421057224713642
2113239313730005
0
223808460230673672
24743027687691123
82214688619008814
1
0
170943710339600178
3
2
4
56970262226941295
149244119039505739
446874297
427517103585463310
8315090546085945
2246089
870058139
3
240118096804720817
360913224
32804001
134260612138654256
0
549637270
59640600
166447722
1
20939760554696359
33035852784214857
1
112203349518615463
150794496
304871176
396284075
1
2
197250680
16
0
3
0
2546840275
56618283914098839
116059421820700887
625362408
0
280776422
144532561
29083588741500909
184892684
12101288895982266
216736009190644878
19503533061130522
0
81779210
1
5
993922032210841
354616671085982963
585642882
484491534977214858
1175085987
2
1
17490585254137316
128699583326282132
13834630615350442
123706581111369549
23232422
67422187083621851
34577521049111813
248879260
165687969648520566
25327756668133871
1365106349
181012464498857178
758342869
4
501139979
301197423
436950440
65685412
6
6
204906044079761460
2
677834660
239187737519314983
0
0
218732648
357216571769881363
44630316930624938
688889463
0
3
94781914894352096
44332861938145285
197610772
72759295
1
165630841
1
72686424268062470
858523063
37027622
281686034
0
11
1
601305285
1850356517
0
168682161905831556
454431023
227752510162953313
579016571
233464280
204114971
15292939496694294
11139122509271877
130293575319212465
138935642
456545074
84513628902073952
187303511
52590564757095136
1
30087800404128603
56633101
0
1
2
3
175950209
42349078067671454
74407218
0
499081188
673372455
5
552846111
1
108951271
82235899888047228
454292528619227081
0
524156478
533293608
98166334
0
306146839
94910776
668340562
160843542105190936
4
2
139864105
3
148820970
1
0
6508011756433072
262271124196670118
0
15476192182308176
11095775
58375770177810692
100540214447798250
11100906357938241
125983461236186607
7225266442755710
11120285
5
338969609
3
412992349509852901
11790441
182722418263566752
5
138873325
2
0
1131411950850628
164609537104781216
16684754
2
254044801
574320291
1
0
1
365640191705675948
0
108783083
65009779
65024144298487088
53768016
3
251244284
0
328764381
59867013
3
835328741969803
151764392
12873536
372490090
304118783
5
397933375
15509330
31527702346204451
15247327696993612
93446207
150758998775755494
88866311378236299
2913304475
0
1109755748
129508774542532441
3
0
34965397948706554
0
67352732094678466
44099048
0
1
2255775134183981
1
91951109
320452838984702844
0
208399023
3
260521271
10364073631057183
2
2
35946028026310521
94032340
1
202261589848581777
0
0
11669193340580448
0
0
146660771690389437
53636835672885262
0
32708966
73324669292710414
0
1
1
10206411139553596
5339335349659257
173134655838076908
155396072154612777
2
119429940
462227296
81511507022885138
802823833
0
1795079
114199437
384102453
5
308092643
2
3
315857285
365654278
2
37535989157870164
54119647
4
182721350279989620
96247191
163634128284746820
1
35894879
631439630424057044
268511621761833672
112550629164717594
326610997704736
204709370210913922
115072976634074276
159384462
144434092
0
0
200703186958945421
1
183263240689625102
67068749
1
0
353943314
9
1831464134
195521822
0
100052829051138411
8640176912229435
1
0
228870199
5
507649102
102751996364877366
53154025
117973187
0
3
281114238
61824716446523264
434474469
120091764117113623
121849781
5
16857947665762287
57932845891777276
1
0
0
267267605672497145
2
12
3
16
685985199
3
95932078
4
15607136692690569
43130649
0
109206181008390282
0
134061321288730877
1265653869
34732654595586067
101704148
460539714
1
193121760868873190
3
30345926512499679
10
574286999
4504174
167672206
1
18404911347006193
1
2
0
5801883806064468
473522932573959839
0
349489630
4
496975363967869
13633066366070591
0
1
9
78925293
684387334
1909483881
4903690961208730
134713040
0
528057997244039809
1
825778794
651737088
5
137405712
2
1
0
10
681728
17518406
6
217137010
342399304
2
98194086949166048
3
1
41899728
50448159284850832
1
5
343662255536861102
146047591857292534
411147613862833960
34221481381230690
912383
8
703521813671070332
5
931808161
177714769028969419
52749144
163607473905024422
141144730
3
0
168707126776250103
598332353
2
3
493909578
1
201256248684567113
49728572947664346
415107399
4
0
77591374988383209
7008821
9
362622228676756
1
52586809
134195988
4
361626080
1576779
15351565821121953
174631054
113478756404615162
558008646
93782938141455
420074090236006565
10622882
88859698662722791
84504365
661015669
0
37348875978000240
58653291595212946
2
1463637869
240884137
497974294
2
0
0
2
282038890
6
3
0
1
11908060992438384
209628735
14399999501551278
429598361148923388
181559035160065090
97547045
267200194
434224387
319544698739647250
13942575
39079395572421164
9
254923350
1
96606207
57725555444047969
7
16907126
182079252169529693
0
28857279461720434
0
170281608972283025
5
5
54719868072240640
0
3
132255799
20090814154098155
467294890
182240476
3
138555031
1
360107146
74549917232350893
3
130752794
687672409842496112
120123424
14275634272567233
5
15657192457513647
4
317422496860719987
592927963
4
276540950578185469
3
206227834
33129252
678518557
103344937
58742226
2
38707797118584367
69892396394404625
99146354
25803874428170607
0
348747727
29915557140968412
2
0
87323161
37122114980627719
2
223384139
390185298552255186
2
111545989
3653779
298629534
1
4434797839157437
174773480481579756
30533995382676827
46723048633983762
419037597
62336534538872450
79321168890518013
717790220
12208005303812809
24827254
518584940
1
5
436122669032915745
0
69289400
4
7
65560006087758826
348752374134376592
5
83421801
273449599263393041
0
536662618
178387421
6
540635966
201511880260817001
1122406670607325
79555714
256002209
2
40279813
2
322686298
1
105236909
433420518
3
29658270
18109948
0
72785185121907
39342942
308196631
158344632
6
1
6315311696445218
375064237
53346982245813544
7
0
317666571
16196337050096468
60320609005145320
0
682997531
314212446
126424158567352262
240566813
20437199
0
40372278885705869
4
93754912
283617200789479943
3
4
627199058
144837690583464335
38721946920531672
572744955
40461088465297945
3
107624132203944675
617191809
416272
1
10477725661141559
522620357625686
2
134611203
318634024
1
2
576912634
1
144796253
66612526983391663
3
626834758
5
544145132
25262777264892348
707910367441487
307757696
49111709
318509973025564685
0
1518360059
53196672
177335090374344
81912702256027417
7806568651410271
4
489030302037206181
8
85682887512648863
684324137
282291013
65269602
68866015478472451
335344250983227761
35647505658426690
2
525947629
21643582
1
43697959
376219985
415773005
7443561057986111
1
86467300833380125
16579368613046728
1
18791014453769018
0
0
0
257990294466160919
106446033468254480
840298920992227532
0
115543456
14443288251176059
8
832961155
1
59731730114833044
25472880
11202145537125400
9869356
0
11183618446599698
5735150372616382
115666381
3
324779884238057615
110255379875021892
3
62725549
148653190
419464672
11
72900562730351989
50828908
561744988515096189
183131857247791456
55553553895185472
949573914
2
122609526
13289660520981566
0
247888431
69264183
876858563
466090687452865273
544146094362009554
163195090
1
0
246863313
321295945783638746
279553191
499158717
1895413704033347
61295527756631611
4
217875646820355736
435690903824798886
893631916
2872997
894923322
624858607
184440027332367122
5600326
2
90698587408968007
1
834173140369242
2
204197211587834990
4
1
20389901744775181
0
9
26001818024667052
940868661
9463918553227714
334332887
13398804873917202
0
1
1
0
8
95769326
0
1
354555866007576754
93879267279291996
172428249042286836
28418525465802386
5
308997836660082889
0
772381028
256797096
6001218696972682
60998915
15599287511817224
39339141474754309
178227205669606288
9280776496416239
708116445985131447
278298430
231902971547298133
672865069
345497732233314918
69321834556442081
0
85309096
3
622155863094194061
110249499101171
167312216
343306721020682214
0
55640990
353079917713209879
14063563
120577299379030117
494585469511864474
0
88564764620549374
15100624
248463708463948783
861448385
1009597945128474
235471949
391800709447152971
3
159096136
1693034686
82486397
10397879
28560749887375157
585603986
257663620185653336
14927813
218017102
167170730
135853782
0
24141839003370314
177591997
0
111737473122205152
391901217
10
5
220776811547427307
15347554680284427
175805861014713695
2
8048980
82139716082757179
7
352598187016044347
113479892
0
275400847
103393172
18002403
335992912585975061
1233591391
92845759682849493
57758963
0
481651133783848719
49401887256304653
0
327858157
3475945478
423497970
0
20031490627939549
35790363518894255
0
74829089658738280
153546896837159806
446036840277272801
0
0
1
2
3
76194047
20310419257899828
203285316
373142807
197800092
171258668
13467485
27392184
1
99323457571206759
908819859
3886165157691927
4
16540850841073369
493684222
700325119333500556
324006730211000777
274124230511508067
146942056280610434
170123997768404657
1049264470
55546825877449466
275712197638027188
365375292
162198155
1
22374203
497796484
22971941100267041
132693260
8009756
0
581405932
9697355
0
27416799374333204
2
33013159068888253
3263019
8004932
39951899
2
85717043437352685
1
1
76075148
2
0
25196189
0
20862345
7172495906050796
80176360519763241
176559853
2
0
192326958556790573
536884121
10
565241893
370390169277538
6270889585875540
0
475351896378843113
21933257
258162682421848376
6
138060686691293158
102048709789127359
640705326
685133750
33734416
453947063
630799730006001778
65486898215785346
971744039
1
467688273
3
75338752139859932
3
31367639153848083
0
535401009
1
2
15
544799234
333112197732579952
2
503076504
1396401422
345081862
369945560057132
28633398
160212847
194852929419578996
1
1
815760310639081
554803358238328
3
5142761
3
67435544
0
5
25750463
240419280004423018
2
625594920
8497172833263518
31889339094693566
1
38014299898850267
131401013
175798937237773668
3
0
178646028
1
338888183
1
561373314065910
132626086
14350029400961153
221329266213640455
7
10
5251084948652451
60542409
390565287130120604
4
7097951
69
1
63800612457892532
204790700
73941228
19859659242060641
2
457970986
41449750054836708
12902162
4
115689665360073410
237897764
117451365
77343717389379441
329871988
18270972943251746
2
29032879
3
30558012267183141
9
4
347998156
6568623228522632
0
0
6
3
4
4
4966324
4
85127132294417041
1
743929062
2
703625908
2
17602911
7
70156705096251060
1238381391
3
322392100
149377816
306360275716415762
28496100
0
2
280583266780518832
245750803
258020187
4
3
0
3507107
3
498633786907168992
256684888
260326601467184015
133428381
10750265086680673
1293072314
57076369799343833
236305070
21516680
183601603
12724179210666965
5
0
280202028
3
0
78494517
67080803
0
3161853751
9283668
22145214
86109970
231582248572518927
515549690800917322
71510493
0
6
187720575
32705958178640521
432305077
17
723793071
3
403080257
237142068047313861
23662436
5595375173806641
11
18194022704185031
50487344
1
169048051
1
134125511
79014351
1668575823960047
326923861
1
146656722966572688
3031649
544652340
3421693661
212408889517090985
67118416515283773
28084721139463884
5004364856469896
431996329
163146350
2
483800332
89434930
304460857841649516
321135001
356221738
81155339253825781
68398183027903419
820618246
208905880486462350
0
373869757
242734019091936192
3
16
16675047224443998
1041864228092710
13570086
4953871
1251712291607401
3
1548243
403775055
45312172
2
24490229653873350
179088127445331388
2
358518790
28844236
515092647
89412469658303601
98725874087748599
23
281610168950346770
96845286
20007427566502886
18434979491679966
28298243417132662
1538048528
1831867449
41216338196063809
1
1
585271035906281006
794121524
150821316944533921
147346257922314340
336728984504035770
457136857
30070608113100943
5
556878666820610083
235578265070748073
264281768827083992
1
0
643544
135499209987999851
2
5
503206508
2212453510
60985727077712028
2
32656213
25424124386610495
5499917630301153
0
233918701
10712186627241464
339322382975165677
46263502709724113
70779824186594228
248551086722239425
4
247633478948007548
129634905
134437774
247501349148343609
280642710764500075
326969493666975583
20564680559284879
2
144271203
0
5
540047076052940264
623408882778335598
651672326
21461737234858952
685673468
201101474204599970
861859382
1
7269191084084077
0
830213412
554375643314277
404012876
2
238424114796208734
0
235244387707343851
786323804
1322646198
5
480561288
0
1542043032
0
366931170
0
47761483
1
1
3009210309190579
93383736
176653834
188874692759114056
734654378
4
9526520
1
346564912096495144
78721075682317167
2496629003
4261652603480568
45120484383693339
2
33361831108670397
0
40245149908299877
213756250884428734
1
214645402018531133
2341369668
88042376
5764100763501860
126033107416892274
119736596
313073657
443685436
152133829162834932
3
9
4
30510384
0
656079476
1
131323382
85141210745974291
130056206
96659263681457382
120190527296367949
49649113062367194
45591458
75323404594156786
2
818345127552533
565793613148915241
76243029484874350
0
277358730
1
234543654
119480313
623176602
388157503140141017
291965322
518493580
6720903605768135
708317682200133415
432583969
652881595
3
1745519
211441982617384565
4
107515910
200882382414614815
2
305095054
298917530
401647655
2
1322705845
409415085075134232
1
256716179909033992
316388870419229143
389996748
3
17580978
21
375412934798763685
240856375
3423592230192669
55246184
0
3
72025465
23764257168132632
2
393884381
120501450
35473064028953954
2
2
155410358
466228396655953363
142766397059611579
1
2051534290872336
965460085
319914224
504429119
321922286
103205495834321552
276320754
229854416
6
13805219
1020731068
39176739506198472
12981347811944070
48312310491317615
1
4
6843256095268313
0
1
0
392267682
3
193620697775714146
162740083
1
25129076487619688
1
921277627
0
230186852
0
927476471
177314767
0
36438374974861576
761887579307130445
2
767919715289970032
220539204533317809
585626253584244
5
168145008327470120
2
33051661
0
267378390397903303
0
3
2
197669164
1591963558362284
462101531659362838
152376663902854912
3776637941566830
175853131
1488959258460086
1
415008074
66313962
82852022
2
4
2
19979351
89651082410418
30786920
4
207257148459581642
1
138762935
2
143663957
132098341334362071
0
318738
0
3
301321921
4
20392628467451650
411359555
3
1410595683367303
1185019887
349840755
322702203824808382
13562544899857544
3
6
335232477334840050
454023428572755786
61184891560282965
1
6
680469752
292795186
96037636532005014
0
6
1228136076
600398525496481645
69316328929411724
8930307
3
2
205852924
1392441358
34969848657631648
56065202
589358811310781
1
2
453970018
75918675
202738471
576637820069762841
414208957342228618
6016539028977928
324325216
91211913227296696
32797896
4
3
198720202
12332268818950732
573320438
39402669978211879
15943385915828966
31281163932223024
157040765260354165
60689535744057083
55606883999307252
44287781001557141
764333499
185122799701046220
506633732
423522893376527056
264058375910894383
66767946041638602
745101515789144
24709042628036643
213203409
382504639352471947
86330539530081344
0
7009411
4
25494866
103643935
16
125558076
86258704175399223
2
108458972
6
343636579775771058
770515460491855661
187022936341730046
455355135
2
41408620
26971471400577
117035170350308835
187189550848372936
68922981
245229948723395749
2104212465538369
17141211
332108563
167234773738386279
180142165
626529546
188802772838926371
77302795
3
1
0
23508880179468142
115107781
306544896
209027099
498531109
303537203099866624
57201002285216794
118019202735621031
245492087408346626
1
109332978123472659
10092052979374240
3
274895874
451714231
62546109844049291
3
53603700
19626353
83592334355695733
181136488
68833812255310395
110521391
19970438390150428
24192838491225072
792085930143822420
1
5278107621208782
6
3
604287
0
1
0
127244024715492724
76475359662964000
116553978485064602
2
2
284058778
309158622
2
311977186709970941
64346933373439276
0
880055589
5888756376065092
489449381
2
2
3249462
377640183
485315826
243772470
28531572
63197324307696254
271649517
180905020145998045
661425113
1
143751002737581362
1250059474
303319479317863165
83186675314238901
1
52132571216999650
86915241
231877963
662424811
121542524484233175
6875716045361892
7337172
183520860423314997
363652026
4
0
3510252
0
0
768958184182345
20206694
500016600148418377
176190584
3
453837337
183395055425420370
16503059305550198
0
233554425337416033
992033546
222007745
0
177113442388876474
306266069178456508
539711975231212279
11
165100380
56490788
2
297837812
3
68086080770296154
195995360035082789
9873594
608414725
1
302342835364817517
1951113838
9
1
31584408842488071
2
0
999054672
848656991
90124515507243572
139388156539765603
84810232
5
0
58245407
122483330926787477
63502125137240988
27736000748433015
7367792782160031
121737541
1
618393243
323377316
49875530936926317
21284724
0
215387765
3
1
9834622134225188
61252995379190346
6
10739457651428038
36137673573679545
8216345104741989
135294350
3
0
739924572813239
0
198519628
3
15
18739802953349241
93827872
1
226632605
1
117571228
1
5
27278321671912499
620577967943628463
2
176977394153989122
2859670209419137
161282062815866158
3
35384241643404610
2
3
32
73605180999318040
1
216463925944926596
202432106
153538794
9
15607462562517920
86737531791308088
6
10328293224260723
600031187
1
616110866
424090358300208357
44837998076181418
793562450
1
0
1864618072
24124263693954452
450406601139075112
391031881837797531
12213449
573716164027594
0
396035870
7
0
61762165
5518269916
5
424281232533063911
3
10
832478101
3
228487996298033541
91547426
3
161155440235229771
2
57211651288335244
322010400790532537
28772918
1
106951040146844968
16343130391630588
3
54657549485874164
478105586
0
46925616
3
77790368
659779428
1
1
1
76855022
1
0
33028948696410862
145282209508730722
68559343959279183
1
2
367297089
1
404384003180857733
221353151072080891
0
10476717497603012
373087024421193821
235285032
482530189894788501
40875508411365680
1
1
6
881337805
5
40647751
2
10265633604434729
165826460
36895802098737498
2589118350215023
114131178
704251606926777443
1
288016546447728230
15867364591995301
1
6
174692894
307384939120676694
62919958
59186998
607601685608726766
56017527
1255696927
2
7
6735087220559678
600098957
100323591
67402402150945296
1
30932305467681981
747491243
1
34592681781454176
57339090
1
0
122193080
0
200980671
545348466
16762440
451938530
6
5
159750095
4
2
7
0
142014243020180808
129063883118205527
2
273285065584213195
1
5
23706588
0
2
4
255752290611612927
126330312208085640
0
1
13746915682701794
23645495954856080
9765161
6442489
17985681172327804
219625906784598040
502685852
823955340
3
237026285517820089
637003102
295133067
11804465111672703
285948490
49808327
0
78949684434793636
351134700
32179
61522838712724405
1
10
127381131738370997
102194040
48264036302399471
77810091600709364
294915683786927606
1
8348137293702572
161483551
464520326773063894
259612172
93545962274743694
19114822664299066
793381198
0
128020614
857176797
2
163757258
1
0
357762524167700721
5143594
124114497469886888
5231274
3
535798073862894974
6241788943169230
44088038328157784
156115259
32528658986515276
540754608
356155771
114500563534146786
5706235044410429
1
3
49359631613698325
4
436959739839967187
3
0
520069959
31071236137657882
5
0
309934954218110049
0
3
441952728951684851
158409645928461902
47442751
67908030
3
1
0
23251847975713597
412912242
135406766930626421
3
1262574230
130021231
19595752261634588
25171736444748806
35468446714973251
1912237251
199926269372692679
141034715
2192327436
5315103407899577
504480544
563258520216536781
3673685753630470
17
192059280
15931232794933628
29985965
700068373
604297840
618239074
382913911327437262
3
4
61952938402068601
2
648734098035520103
802845386
183036632
1348196869
25507801
17
2
149971444
5
10
18893101
2357894862
1415107
199467068
3
6
110504629417437703
3
296254915845278187
0
873253811
107050151366514528
751829795
485591213605788096
523309144
560687593201247
1
28534836978650
141989760
477796864007378288
492633009
55529716
97444735178227485
0
3
264601249571009497
1
38195600152062399
1
4492636
492327774
1
0
1
491146071
48260762
1028839403
215210644
3714279533181959
664437671
61887044178738909
244996574333379587
149820168918154795
6853864584237008
0
270303621674844908
442274483
67437134824821
3
75288230
627752249986930996
291350502
3
10042850
2
35927399574623039
289219705
755319855622316077
3
4644439319872227
2442667151505377
76952178
605739446
187463801
21086078
15
14585676869087986
276437925193870940
42140059
14723170
34064941
657100236
67629954
0
1
22245687693835139
8631488849480209
1
6586840
178942879376248833
1
24429193
0
1
259882345
420792809
3223109702
464284225234666830
2869042576119081
603705837137280782
0
151316309
4
208831349
4
1
2
1042928416
40767691242154302
44269699318515307
105649799
1
1
173133488966469461
7192622
20036325181695622
15768183
212035106242871412
227633360
1
0
2
1208062027610365
1008797733
229731774432181423
2
27788005816198918
1
151377208475892178
926183957
3442306367994366
1
6
210885426312254548
155735499656994620
1
193296337
94471145071996623
6822820652
25574707447805065
10028488863074655
364063976
1521094674621647
489266900
2
7
3
463331486557111704
7
579768341996473312
162816689482696528
102
199873779093530991
193360378048343953
4450630551
0
164222650
0
971741
1
3
5
128049718
2
18562364
0
241225728
76976573
845211962873882025
1
8372969
216232303
142049904522567222
0
329076844813183984
78223888919647357
303401027
943917200
528703219
98745201475930531
4493153563656210
199655815
7
4
1
57540334471813376
128459020
2
1563548292
1
1
291193009
1
0
514201983
0
28508520374577902
0
0
1931356360559646
34455376
271588050
557652015223626407
2
94544848
34534167350306376
385921445
2
3
0
13846688
49943479020335253
97827124
441464874
93568612150459579
78603283
4
1
256132006
69683798
513456034
992229446
96767079963505182
32729018609136196
631953223
227110610955216012
3
6497802624537071
163550504432080288
453118206
1
245667167395221398
206524546677453449
3
186184080
3
3084898618
52740676678372012
38876734618413211
11
856850941
45777505
9710332
204402076
101243497998529358
0
71902602839795386
1078329010
54980629862879596
162332699877224288
1
4984710016665856
691477722416958303
0
3
276268632986642932
56670753535322598
2
2
0
1
9
816031114
53390459506708661
347156013
337038447
1
38621116587799425
4
407675196
0
528490916100651467
2
0
568208644
85
11
1830677492
460756510
92137310756675462
7358415597012285
15489236
164970050729863591
103058397
91845303371125949
76726886657381828
0
457137247
86225411185446055
37437671
119821689883938100
53971966
59749509269943037
147148667406857727
322788646979638109
207863249639080944
303077546833183790
5307775962469233
144050762074149821
108915908
1
408177604637267212
1
1147183443
12
0
272998582
51335891802466197
0
10348228980137167
3
113715299
3
120543349605807432
364268044
35753178
2
30371707752509027
12
282794645977728389
21707029274835145
178433582
159075516
154004438
2
2
1
406154428619383216
106825760
286798241524319067
579797076
84734559803942532
350015185827101053
1
5
1
3
1
0
222497763136077779
233626806
7255234
1
3
3993315
12966826446972759
44871937
4
829592806
146101119
397203427
23874409840197039
211125947647529985
79671538
14854286569992814
4447807760354577
3
1
132504609313486425
41009516480502021
24257474110292561
8185386
108767388849347330
206200677052064135
106118957
136700825
25327857945768448
1
3
186289655
453630182
359174475
383833138
0
88601033
5
57989342701119227
1
223735925
7
3
3
112070249
216726267
33277373716285102
960569424
423831030
91496639
781765162623392032
0
7912594011021139
0
2
136000531
0
30636615012195232
86548538516500000
111942060520993490
225375895
91112208
390427901805947963
81634157
640322572
1
74926757166035012
1145161239
132728608
556894615
51763062
165548965495384105
715771749
1256357504
731954637314263595
402406691
35763032
44887792
191702531529438872
325261285
109900436667182652
3
6
463080563567922856
11872717956056349
116813801
8
398841122735942835
397337461
3804006711120502
180017818963331804
0
0
208169827
311316471
20486844787968036
1
68752070498403054
350760241
131607048152310741
18160355805749504
488348089
227351634130518198
969449100
7795274718723451
0
304651143
1
3
859854875
206515519
79198615584789008
54210257
2
101554015947105956
60908002173431251
327228837346202690
100348198084856519
9
932330782
686882431700282032
1
44046922000749523
144762619
104572511
197371224
4
20881834
234964096449368072
77755766
0
120378887
112255285366042264
177887187133425610
5
1
2
43630738102706795
0
4
3
97082107
2047473198231786
46145378097877927
45455415675476205
101453672
1
0
75009043
4352904285952889
30
145909095071128119
629111267830326979
1
34282370900243763
431703964
36158970648778536
3
2
554791230113010138
16863747616184903
0
504506102
49483768972232228
1
0
300406181402794462
74849394916558300
9
167983014
9312425830627618
0
383640120
0
439082768
0
195728499
2
33
261979109
474011561134996075
11143461589679057
2
102501813
110633904
186766286312919596
1
16377712
93526797874517977
1000296734
154212684769093170
142496015596376351
2986389568706920
259194984
42660798
0
9847889
246341600191533
2
32326785575304852
10774767
1560352857
327588671
44179446
1
4
187608473
1
8
444862891
237472654379351739
2
0
0
16140685499
29513382
285496783
2
311795912
2
127885440
81904690053187452
0
1
532638165967179629
49473802624184128
65082938079805804
169193216565588491
503333071463072
0
2
587565398
140244067979434259
16
0
738539136342232311
342224129914560865
201645531794397733
8
775361824
2201187
62147643151006212
3
517492355163390229
28170125
17528300034341373
256405898319887014
4
148658600995542
506522485
2
150860850
0
198045915733850146
231767837990867684
190088346411810059
0
25468472199822981
0
0
3
115602546327219609
31727366339809133
643187928
59012370
74665494
5
528687247047727204
1146172366
232965098
2
2230994928
342535108
219388475
386431093
1049510
1
2
56311548546188991
352379931
8913943
346728440615747817
856752665
1
8
4810713742275943
94458105
996516845749292
8606336
56601153
254538300025930672
31
1
1
242790154056452488
14288491031605457
124922531407738965
645575281
11759013622427751
138516230443460962
54278743074316357
70013902343154518
110531641
67960073
115655343
3
0
791125354
5399648356420267
254846763187275
64944844
0
6930493977289464
15096642525845317
7
143276616659666628
112110626766390052
37943832269008920
0
80323558
343341422083565071
282360436697746
4080831
2
4
9753759957850334
4
30522359911690319
0
62828397707384698
4
0
17
523986468
57394288
346431773133493142
21327606
76549420845009943
365943318
0
3
188914399
132542033
140494703062454620
821598662
258680318268671321
165318668866799234
85473986456087179
45185885785366391
7068585688682802
115982388595588928
1770173
46316153851138780
32486090105642571
13989358
850108874
2023609931717512
503737021
17344660
272624579991378479
1
55578976
219312275
17
8140813
8
1
113244899307332562
89576512484849197
145693124
58706614777981353
1344910943
58678991781890468
1
279179947
1
1
202925294319629484
103138077
1
143047427414550728
3959832263290893
3
37965624
7290131887631459
1
5
193080092
28021267
44025634
1
375348787
16048250761722141
43502454
542263356
2098452883731338
1
83424019989684735
0
775540789318883469
1154492
1555473
56109466618456319
85549186282344821
0
149492425955935254
403661800
249676880826581122
54173966
10926481
26135438
393990179
1
7
0
84896936812597188
399882178058424679
444236927398109569
1
400091639
6233709762019773
1
188451343609601120
146034528
0
28380838411073342
28183402
2
28057844692410533
133419034700504742
1
152823294477222414
2
75417776
1
6851819
159837932
13788876
52583959618661044
1
438588934
147050479098514537
105823898
1
1
293227701
206404556000245
332540479541438
612663748794846910
12503495363753120
0
345456152
38557573
454082463
2
1
125561231225083361
14844329689583646
355366252
7191655186887382
432892302011689165
4
448248121797286530
176349524
1
59867181
67280902153902874
3
75994479105985454
4
130064962
510883922
381078653
123943973
376973974565355898
19
0
418854558252054628
67165264851085
0
2
0
522329208
4
47809598
508692033
200435290
1927850888
75832305226366915
21
158208110
5823066050212125
0
677996499872582040
1
4
94599108122192242
212795212495830043
7
225966466170798578
3
20791821
290361774920252190
290955038422915633
236730889
1
4
4
92606973501596443
204901380724100226
0
291204662
27590899
928336808
131338324078775382
2
371971527
2
354909708156628258
56746785500942603
4
7
19177837627934736
23355596700322
0
81227795296352594
74508918
0
3
0
153034882
360613182214023523
1
130911471790308652
2
0
153127503
92827645064486261
0
159229222363789316
630598486
57817362093362951
13635933
83789091
419514781
218985150
42938993
15325442
0
796336762
1141327350
251284047
23182124943989836
37125868
117070704
1
5
3
1
339153311476183757
2603762
1
407833250
131195098769587135
4
122455345
9049869126064428
6
203241359
2
3816598719755351
3
448224377
248686911465661491
5
287052619
201756472
219332776
2
64041790531480879
0
121386637620839516
154007942972638597
379779265808725295
107952174
306400949230707487
30868392
331754351
177622633
2579425876
1186564500
99797360190622189
0
51378341829564251
706413631171036124
644612770
70952256921753813
2
1
188237635459482890
89379380
809149365
3125624
12264812
0
305448361351331021
184896631
148869468
9236518518718997
89106934805473268
0
272764251
14
324553173
2
56529216478879693
0
4
0
2
107724052196627795
3
19654977
325562000750018590
1241552454
3
28187279817487471
21274975761254650
23917992
230767033995272819
4
1
76301461
82037975
345994603750169447
59839148
91666100
0
4
116800459
1
0
22935583183393554
0
4
310812970
135043550
0
79517525489121200
0
183112117
298177734
419843456
2316389426
158361955842464965
500050219
5
106896653593492237
375923755435449
1831225423014254
0
88740393602263587
1
0
2
12771362626894968
0
708870756763160329
135730553368274984
166382581271224632
7
190774083790539216
326335649
32416265796916171
0
83343597407158180
1
1190324400
0
6
397611455162204830
707504416355708
218461
2
5394091
18242910
72387280456742643
120187834
2
196633519290388106
506003762
676263145
951353031
152900570
1
0
259614993462688996
2
7
8
1271820086394456
18123637
27048469195384566
0
401399566449964
142942663
2
1
244279449
156404481170772651
448132613413716567
241827392
221557559
2
1501734364
20124244967599008
311049176
22396434013724104
3
3
1
1497322
114773269
6
12684440
3
74996212553580938
3
14470960242134908
4
1
40027191
649177989454539891
22839207969543969
208822563751505542
9
167655043
0
129092696086935906
355978499875929
3
197582293
0
316726954161362381
6563536439
2
32655091387217000
310605453
584973507
15291960002453414
337129855
442170642928176530
98116500
1
297481278
54090507889992360
1518304982
3258583198175960
2
0
19374809585668351
82000474
1
281894753
69946203
1276364827
324737575466723152
3
176237095
227994026706212532
386684539129559239
27585799
0
1
4
145584193
37425427
184837900496248376
1
0
92252969
463828995582809620
3
0
59020168667032762
1
132744989538988441
657186752
184209536
3
18
85418556
4655369167455266
3
0
2
139758047415395405
21330684990170412
3
506890930
91498267
1
143831527683387113
75054247095428822
116041550988943596
134840440273295224
389473719309283221
169558758
93273364
0
223261250
1
43832189432672589
2523138
1
383162823
492354239
2
204661410448070139
165614849049069128
5757617096077674
153145898
9632978559666734
22277602215930219
97931798773741415
489303580
179696293264156159
2
857944542
157532503143436214
9671458
8130474
40916924790896999
53225514
0
111342324436263668
2
31438424
1
0
82239088184137341
3
4
304206622534948255
18672119635116412
183049696338475006
6029965
0
441514698
1
1215871572591757
70968884
0
3
495301914972002956
342694480197415802
204467555646280147
2
55769875788922141
389936543
1
1
188373222
116083439183182883
460694840
87949217352789488
259049199
8851293000413690
449823531
856052160
93484493
2225344478869981
120687067
94333333
65548485448272690
356285462
67381074
128365343203265960
45788077
0
4
8121881
398733766249058437
69777136208033804
426938897
57893911636258573
250604394
2199329
82528635
747169653
247309645
593004
46171525528416867
0
2009375505166174
3
398562340351922669
1
85336745765558576
454200054294227288
697695016
25246587
207532752
4
61010986
231965554
3
0
246920029025534004
4525556351214586
37987765796574322
105285848
0
697038406
460234474
2
1
192015436225408711
1
148044124
23978412711456587
88674390
22254567525557341
0
61878226
366111917
164867997155961230
1
115290398684476109
2
571615053052101302
18
8924598280613801
225531935
107129726294739675
71767201
26240357
896531175
1
0
1
855719124
1
1
3
15436956697020477
0
185784831951851311
1
125923197
329784303807477292
296373166
1441729980
0
103334379640184145
456798023
328773958
14432942
35456063027312519
3
4
1
1
173248130049028875
648588315735604
155534380679123281
361435801
0
3423983195173486
871713240
2
180512402193381187
229808856832113166
40612922576675298
4
11972500286945907
321373993539950425
10
4
12331557065247837
123151071
225168646759877077
1
2
2
220078880
4
208192617019331196
214586531349213811
342543551
8751019616069559
188287122520816400
627182268
87777539
521270693845865
29257248579159995
3
2
2231026487576675
7
1
449698286091065036
148500590067776061
133885624
149149664
5
511337753
0
534309741595863735
270784556850494440
2
298827832920628037
58290460
1
74808494
290724390
100941935
0
467351054762116
0
290324588309386510
466629667
255817679816454446
3
0
70416520259952741
1
96570457
798035948238898
1
988589353
185845677052194996
0
5
1
292370466963234969
336486370
181879209007692910
26524528
184494550017987602
1101688700
66489536
0
68063900251458070
161624863213454030
534447210
175745742099824990
251218973
293822673
144570974
727475588587679207
41711616319821162
201703188107425454
0
87821206
12723722186082867
6
2
405386580
0
48205918736653423
2
0
119272916870480876
5
373085090
2
248975960946942480
188332668
433361546
6
1021372427
0
17245236799952643
40977671
422271833
3
546682393
156607616878579919
1272811040
134297979811522339
0
336344052
1027520893570339
0
4
167042932004155988
4962500
143232381207194775
2376407123070613
1
7342412
478926006349963314
19894029259746764
1883753476
103612136240449419
19498892111385693
741577986
48908788335843019
873658632
0
4
3
4
189181185097178173
272877038
284919553779384338
1
2
693135207545874466
1
8937840295780261
188484799262216794
6
5
4
0
54228431801124944
8
173161722675067109
4
2
0
0
562860447
159556381
96367275757032331
18947336332651327
18221150865457026
4
2
690952268930447859
82410473659248636
14510956
4
17545256
12519141472770405
162656344735509078
42279535552086220
1
187442832
1
83906907421063817
0
72381946
442187388
169284049609073485
682831612
4
592959324
2
4
240613967
650328750
525625956
3
1
7
43232931
4
116396642444133071
469256132190494313
156900042
52341750527417918
0
407782625
589397031057665188
0
1
0
826046985
190440464087828592
2
528345705740903351
1
5
1
3
0
21654175622657108
10204590588149220
1
2
332449222
468725594861574536
528827710519343
28307592013884460
26789547767981570
53259416420561333
0
422105256386474618
1
108951622961413634
596454373
596962311
415547401
254613016830275837
2
0
467436092
109279852
2212407
27762815045062730
0
699457288
225730886
1
39645580
3
184991921
0
29074972
0
263305749
1152904084
1
3
0
1
216105815924678309
1607224836
153768952
43380471071231347
13872845516501975
1
230566024
191229386
13
44442595
137978782322216559
416705497
4
250026046
147777080397588970
40683574
17881696681579441
10
42912692576822001
0
171340174
0
60
1
1262186289997080
17005177420216359
3
582248333
933312007
25305328
3
4755208908095068
61404208
386093010
1
23319337614158943
1
183752034
266491259
99985863300305788
433902147
174062105
18493703063601603
67949051
26880542
106412091442553251
182745107
213474554
3111313950535135
2
412878697583557016
2
1
1002921258
821914080
2
0
2
47472506357223176
8
10654603
0
0
350329360565268389
18486959741990391
39009539
47080060860052129
0
3
325072715132414
108686604278860418
97839941
2
255537712
3
202262197
20388869306907198
1
109602452
1
339164372
27459187490317456
86127399
8
22895059064806059
2
472330145
227942208856026095
401223969
1452670952
0
64891164270764290
9856858
137089830
476172629
625906306
163225287851603104
5
14862237
0
172688332
359843014
4
182412508153308295
0
2662064452777444
108492011605334071
2
0
3
3346842434432595
44226302805876463
228191505
15
16785124961260959
1
3
180179696651293
780514139
181004039
322074493792419488
417478181
2
16812323823524020
0
0
10381695096837549
284101610
122449009
2
0
105466039022153661
2
1
47165624093940645
7705163
103195454
451605840
2
18648550
661641950
3
23385125
0
302327905
0
400029081
32366702
84432044020034851
155665813
456282678742114
1
57131915433677905
9898460
42976812
165174723
0
3
4
7595924
365067998
2024724834445273
35515027
1
3
82907543
621492481
0
95435305825963110
225979419544026866
77582447392705598
2
4300950651376830
69084704
30748367322062177
242183497364654511
2
57022896
3
50542311270043586
79667040699456653
1216646615
187915989984083291
0
42270476
84712884392739310
1405070608646475
1045939892
2
75175384
5
37203491
3
0
1
0
4
237058757853389224
101371869
47899180439338841
415204929
53
0
61487219881735263
101
148554967659069037
60550254
17664620369405582
15919062
233195326459954520
536971467
447798388
168986535
52237990724575134
33283108555256118
3
64453375115966993
157832907657747763
343595049
645175525966515982
1
402429899806051624
14990896161358592
1555675
3
1571770297
0
13
259008058097671573
548141802850847702
274895662
9710683430329832
0
0
5
81758370206089497
0
2
37138804
12985855
75276583
8459799
36953270762999615
1666336851
2
371665915553949343
61871327
171058665881304772
41881141
38547073
818970207006937762
106948739259471501
28637500
63664783916196418
46429066
4502208
905957892639210329
207812739
2787405681786693
117238240
658445793953879344
466001169702432406
0
3
2
2
2
2474668
0
0
0
1
332164145812397528
222450166235968218
421658074984285731
108975352962548499
702059700262674
1
1593724284
760247028
30853028985511797
331057530
88523232559626932
312275608350192246
179135858
2
173971483828207327
44273326216859678
1
1
416900627314421352
13776660
81172522
2
12742682
0
422399421
253170710
125799273
8907653728752686
2086333142
121384581
28704092
2
540151304255813847
4
519614954
12825938189428615
5175025265
2
212431244
13840637942515407
32347969940317998
3738024218397148
40221497
1739508
614111133
1
147559606986938107
4
8756887871436514
3
2
36675797
2
355647242
0
117421314
1
44473779
366537567920336807
1
0
35458047982823410
343389094664398978
0
488608765
4
123646540
356328097
0
113196506262804262
511741
723079560
435379923
251056350
8
1
164961391768802216
0
292884825
103544379
17807422705375712
30605949
418868547
2
0
719773818
0
4
1
2
352100141
203554768
417216169488199573
95304686258642263
0
0
75798237474575728
897286786
200400898833058523
403198015
171834876
477103455051276216
0
50732347014952066
1939031213
1
2
591970079
220206949
0
24690627197160201
84790411440067415
517707040288084875
0
4
2911296
153348690
47841456
0
252498328
0
30859327073397605
215064208242458182
832228348
216405027
121045259
70214687
31
0
0
125446571
150906275
1
1
0
0
17022419579776951
83474020155769338
0
177131574
163649770
372778995
742601324
0
180995252
118071681
425610867
98182188
1757499262
761858529
0
177430243
404544485701939219
2
1
95719462062524672
1
314125347
226060536
69093352621554196
0
2
267387756
202427351
1509237289843107
37128655496042888
1
21012370340567134
1
45892712811791821
17017834
1
157682262499820742
471460915
1
439429248361528277
2430690
66791548375200066
12648718234549398
372836133
3
7790366
2
298252131898350959
441809516090859703
0
5333453840579454
1
24741576739665579
1
561722539
52221236684425978
367082698043529147
305191974470215808
132046641651968876
892350873
30049012548657471
3
150116044198657793
55726706072183030
2
2
0
135580175
3
145489277
164534703
373535512
66294344
10510606
1
0
2
467089209793897959
195327649266881999
6
694057954
1
121436008278472437
203230775023342592
72540014
528523155
158111993503563088
3
1
45120872790022970
27837949687488382
2
139167263312370492
73664860145749150
752209219
6
401601483561109333
15807197257881055
2
2
332692900909899487
1
48027197523773018
48155487488834840
398131285
82874586
4
0
6
2
19988750436795386
18269939
1056140391336086
625651088
109529268
26876809
218250096
351857052191761133
71704252
4
721706319733758568
4125798227
1
35765429548018493
24243210
1
1050054760
78216940
81888524524110262
91196897717312615
1
5
29
644400335
92440429520909738
225223886034561864
0
10271179746246071
159143003
306261371398827651
2
816643352
253467102849532941
27808280486883341
10359364
2
159530773
440044324
3
1
645733681
2
1
386020352
0
359201492636387999
78006844786529913
3
140825974536131932
65982746
354665616
191669705
57613630682716355
4058728233188921
90047751899324879
193844927
0
613252290802355899
1
218605655696644229
306117437054143533
0
4
14
112536779519369037
84802114
673837419
2361210565
2
3
637489948
28531809315869830
50959157
358386561
107555120510302323
1420755278
22428825091349885
134409507434053336
1
798848834842731840
7318349020
9872831866616586
3
33226687187680221
0
693900867
90227145518252898
16159386193947178
398597526543848660
100511165619849124
125002327966224635
3
17
1532402000
118345809778501861
0
32013178
460660950917305694
6737119223598812
1044123208
4828217219324635
556293699
211709008
78502628
302858278815197419
1
0
1
13510926
0
956326
18887836
0
23590460
226783582
2987329875
0
10909566523046489
11063244975809507
0
71057072821781155
6662085064461451
623537520
346966014261960
91995549815058119
0
9214419415286363
187211583873741797
11
0
2166472469444233
411491454
7
0
1
305642473
96023709
0
194117629159061906
413264196454788469
1059125016
1
3
4162916067907852
0
2874509920056318
1
441261309
705629016
280858861488780323
8
1
297031431
1
353501225350381394
2
21828214542596753
24283999870685566
3
40927991
235158200
116679209
20195976181761576
0
6885632
2
124848967
21884434
574740535
286457779
201968654
197001826628491942
510309588
4
15
5228066545205279
192257821
1159078616
0
128433942587117434
2
0
22544838
260531824992708333
1270884165
4
55853055444756940
63215267
0
0
1
40372564084138108
37265368431943488
1
904483022
60466284
12490558348003598
3
520870267
10
2409103538156408
1369888
