17
146194027
0
316959525
0
0
275641173
7561014
401529287
185451354
172893665
0
0
295534311
106004157
388144734
0
7
0
2
1
0
0
0
547788822
0
165080758
59318067
23
365226998
541829534
0
386718399
0
0
262364674
0
60197913
665567392
571650642
19
0
332096344
0
390200689
54195774
365142525
465600742
206502873
199
193607048
31224278
0
0
5840907
0
55968577
235306257
0
2
169400447
492153618
32543653
206123830
0
0
0
0
0
0
2296590
0
0
30889894
0
310444733
0
462107690
0
49425510
0
336394821
80507130
44464876
508588625
0
325569171
0
298814466
127657400
0
0
0
54089268
0
351175490
0
75249631
0
0
9640939
0
474878058
313243149
72802136
0
0
289892187
200234714
315351975
374303395
267926409
99249162
1
0
546217987
447100700
215427371
0
0
0
11042118
593
0
323726881
89329512
0
0
1
0
0
0
1
259357467
285510255
524410633
0
223680563
0
0
0
0
422959700
221778835
295603010
0
0
0
0
1
361474309
245357390
0
0
19227892
0
1
488172349
168024712
215577329
549650063
301968689
0
227913834
120413615
579028377
99603476
181
524008717
0
0
0
403349930
0
17111407
20146997
101314834
0
0
0
351990771
9
471062728
189149633
323787962
0
162815418
0
111875324
112917644
0
0
1
0
30435194
0
51572348
0
321104777
211983005
0
425765281
280862192
0
165913554
0
0
0
111102485
70998328
94141652
309549336
89617991
0
359643615
0
0
0
109071828
17
94734460
0
670107113
0
110623499
303897808
396530978
0
314293463
205298573
0
129608663
1
1
295422898
0
0
0
0
620954982
0
1
0
3815
118515891
2
53718524
219990820
0
0
0
380940099
6834710
215198134
127439316
0
65446490
0
384336499
0
510650210
383273032
435768896
0
0
0
561987850
108071687
0
281813778
0
352225961
0
624853224
36611105
0
0
0
359395996
146742580
214628845
148879780
270592165
54907210
191644321
117544838
0
95128718
67
0
112345879
0
305672806
217348332
0
0
0
0
440094901
102215976
373929006
187153162
0
34
3
57681978
0
186867999
528355729
422014637
38745211
1372075
166655662
0
0
60161696
162706079
162590034
485375368
572237728
0
392841594
0
143417323
0
285603032
123049161
320953181
39
0
223687535
218521794
0
0
92395612
0
150
163894912
457047072
1
489176625
183190800
0
261948059
197235042
0
162406989
485224523
533591035
333881064
612284685
360116915
517199198
0
0
0
98079347
0
306377792
0
506932312
401307858
0
385590929
0
184027604
500788130
0
224
98813835
263646562
0
0
92204904
4
0
0
159744534
0
5973683
0
0
0
0
0
0
0
0
418659146
558257550
89120385
224659998
0
102292939
4
0
291491581
0
1
50242165
0
244022064
482620460
225240751
40277471
123716274
242799296
283296470
1
90048129
0
2
7
350151389
0
457362202
103114254
134747649
89362734
31311941
0
0
0
1
0
54639225
219347148
0
0
228798809
4
0
431145221
0
687
75916031
20069676
0
0
307344488
0
0
30539978
0
84641695
156148800
410284874
0
4
123169472
194923717
11
127528462
211087079
100
124091995
0
404098314
90568336
0
0
0
327760559
47664850
25257879
267495479
535023906
314715449
562691777
0
384677418
133912212
0
569351430
83091112
0
0
64837654
200918191
0
323082076
0
79656206
2
0
0
0
167063945
0
53605878
405245112
361466890
79124009
361514050
0
262432263
520543426
377067479
0
150078826
